Arguments: 
  /home/craft_student/.nvm/versions/node/v14.15.0/bin/node /usr/share/yarn/bin/yarn.js install

PATH: 
  /home/craft_student/.nvm/versions/node/v14.15.0/bin:/home/emma/.rvm/gems/ruby-2.5.1/bin:/home/emma/.rvm/gems/ruby-2.5.1@global/bin:/usr/share/rvm/rubies/ruby-2.5.1/bin:/usr/local/sbin:/usr/local/bin:/usr/sbin:/usr/bin:/sbin:/bin:/usr/games:/usr/local/games:/snap/bin:/usr/share/rvm/bin:/home/craft_student/Android/Sdk/emulator:/home/craft_student/Android/Sdk/tools:/home/craft_student/Android/Sdk/tools/bin:/home/craft_student/Android/Sdk/platform-tools

Yarn version: 
  1.22.5

Node version: 
  14.15.0

Platform: 
  linux x64

Trace: 
  SyntaxError: /home/craft_student/craft/coach/image_modifier/package.json: Unexpected token } in JSON at position 917
      at JSON.parse (<anonymous>)
      at /usr/share/yarn/lib/cli.js:1625:59
      at Generator.next (<anonymous>)
      at step (/usr/share/yarn/lib/cli.js:310:30)
      at /usr/share/yarn/lib/cli.js:321:13

npm manifest: 
  {
    "main": "node_modules/expo/AppEntry.js",
    "scripts": {
      "start": "expo start",
      "android": "expo start --android",
      "ios": "expo start --ios",
      "web": "expo start --web",
      "eject": "expo eject"
    },
    "dependencies": {
      "@react-native-community/masked-view": "0.1.10",
      "@react-navigation/native": "^5.9.4",
      "@react-navigation/stack": "^5.14.4",
      "axios": "^0.21.1",
      "expo": "~40.0.0",
      "expo-image-picker": "~9.2.0",
      "expo-status-bar": "~1.0.3",
      "react": "16.13.1",
      "react-dom": "16.13.1",
      "react-hook-form": "^7.0.0",
      "react-native": "https://github.com/expo/react-native/archive/sdk-40.0.1.tar.gz",
      "react-native-gesture-handler": "~1.8.0",
      "react-native-image-picker": "^3.3.2",
      "react-native-reanimated": "~1.13.0",
      "react-native-safe-area-context": "3.1.9",
      "react-native-screens": "~2.15.2",
      "react-native-web": "~0.13.12",
    },
    "devDependencies": {
      "@babel/core": "^7.9.0"
    },
    "private": true
  }

yarn manifest: 
  No manifest

Lockfile: 
  No lockfile
